<?xml version="1.0" encoding="UTF-8"?>
<!-- Generated by org.testng.reporters.JUnitReportReporter -->
<testsuite hostname="BLRIDC52024246" failures="0" tests="1" name="Agile_courtTestcases.AgileTC_01" time="135.913" errors="0" timestamp="2019-10-23T19:43:41 IST" skipped="0">
  <testcase classname="Agile_courtTestcases.AgileTC_01" name="loginTest" time="135.913"/>
</testsuite> <!-- Agile_courtTestcases.AgileTC_01 -->
